20210420-173357.124 Running caBmsgpkScrapeDashBoard ... 
20210420-173357.125 Download Ampel data from "https://www.sozialministerium.at/Informationen-zum-Coronavirus/Neuartiges-Coronavirus-(2019-nCov).html" 
20210420-173357.125 Storing Ampel data to ./ampel/CoronaAmpel.20210420-1733.js 
20210420-173404.652 Scraping "https://www.sozialministerium.at/Informationen-zum-Coronavirus/Neuartiges-Coronavirus-(2019-nCov).html" 
20210420-173404.653 Dumping page to ./html/COVID-19-austria.bmsgpk.20210420-1733.html 
20210420-173405.927 Parsing dump in ./html/COVID-19-austria.bmsgpk.20210420-1733.html 
20210420-173406.141 Extracting Status table in Bundesländer 
20210420-173824.959 Running caBmsgpkScrapeDashBoard ... 
20210420-173824.959 Download Ampel data from "https://www.sozialministerium.at/Informationen-zum-Coronavirus/Neuartiges-Coronavirus-(2019-nCov).html" 
20210420-173824.960 Storing Ampel data to ./ampel/CoronaAmpel.20210420-1738.js 
20210420-173826.021 Scraping "https://www.sozialministerium.at/Informationen-zum-Coronavirus/Neuartiges-Coronavirus-(2019-nCov).html" 
20210420-173826.021 Dumping page to ./html/COVID-19-austria.bmsgpk.20210420-1738.html 
20210420-173827.056 Parsing dump in ./html/COVID-19-austria.bmsgpk.20210420-1738.html 
20210420-173827.404 Extracting Status table in Bundesländer 
20210420-173953.579 Running caBmsgpkScrapeDashBoard ... 
20210420-173953.580 Download Ampel data from "https://www.sozialministerium.at/Informationen-zum-Coronavirus/Neuartiges-Coronavirus-(2019-nCov).html" 
20210420-173953.580 Storing Ampel data to ./ampel/CoronaAmpel.20210420-1739.js 
20210420-173954.629 Scraping "https://www.sozialministerium.at/Informationen-zum-Coronavirus/Neuartiges-Coronavirus-(2019-nCov).html" 
20210420-173954.629 Dumping page to ./html/COVID-19-austria.bmsgpk.20210420-1739.html 
20210420-173955.710 Parsing dump in ./html/COVID-19-austria.bmsgpk.20210420-1739.html 
20210420-173956.067 Extracting Status table in Bundesländer 
20210420-174119.300 Running caBmsgpkScrapeDashBoard ... 
20210420-174119.301 Download Ampel data from "https://www.sozialministerium.at/Informationen-zum-Coronavirus/Neuartiges-Coronavirus-(2019-nCov).html" 
20210420-174119.302 Storing Ampel data to ./ampel/CoronaAmpel.20210420-1741.js 
20210420-174120.515 Scraping "https://www.sozialministerium.at/Informationen-zum-Coronavirus/Neuartiges-Coronavirus-(2019-nCov).html" 
20210420-174120.516 Dumping page to ./html/COVID-19-austria.bmsgpk.20210420-1741.html 
20210420-174121.571 Parsing dump in ./html/COVID-19-austria.bmsgpk.20210420-1741.html 
20210420-174121.977 Extracting Status table in Bundesländer 
20210420-174347.170 Running caBmsgpkScrapeDashBoard ... 
20210420-174347.170 Download Ampel data from "https://www.sozialministerium.at/Informationen-zum-Coronavirus/Neuartiges-Coronavirus-(2019-nCov).html" 
20210420-174347.171 Storing Ampel data to ./ampel/CoronaAmpel.20210420-1743.js 
20210420-174348.403 Scraping "https://www.sozialministerium.at/Informationen-zum-Coronavirus/Neuartiges-Coronavirus-(2019-nCov).html" 
20210420-174348.404 Dumping page to ./html/COVID-19-austria.bmsgpk.20210420-1743.html 
20210420-174349.505 Parsing dump in ./html/COVID-19-austria.bmsgpk.20210420-1743.html 
20210420-174349.926 Extracting Status table in Bundesländer 
20210420-175414.901 Running caBmsgpkScrapeDashBoard ... 
20210420-175414.902 Download Ampel data from "https://www.sozialministerium.at/Informationen-zum-Coronavirus/Neuartiges-Coronavirus-(2019-nCov).html" 
20210420-175414.902 Storing Ampel data to ./ampel/CoronaAmpel.20210420-1754.js 
20210420-175415.891 Scraping "https://www.sozialministerium.at/Informationen-zum-Coronavirus/Neuartiges-Coronavirus-(2019-nCov).html" 
20210420-175415.891 Dumping page to ./html/COVID-19-austria.bmsgpk.20210420-1754.html 
20210420-175416.983 Parsing dump in ./html/COVID-19-austria.bmsgpk.20210420-1754.html 
20210420-175417.326 Extracting Status table in Bundesländer 
20210420-175548.310 Running caBmsgpkUpdateDashboard ... 
20210420-175548.310  Updating bmsgpk dashboard data 
20210420-175548.472 Running caBmsgpkScrapeDashBoard ... 
20210420-175548.473 Download Ampel data from "https://www.sozialministerium.at/Informationen-zum-Coronavirus/Neuartiges-Coronavirus-(2019-nCov).html" 
20210420-175548.473 Storing Ampel data to ./ampel/CoronaAmpel.20210420-1755.js 
20210420-175549.520 Scraping "https://www.sozialministerium.at/Informationen-zum-Coronavirus/Neuartiges-Coronavirus-(2019-nCov).html" 
20210420-175549.520 Dumping page to ./html/COVID-19-austria.bmsgpk.20210420-1755.html 
20210420-175550.928 Parsing dump in ./html/COVID-19-austria.bmsgpk.20210420-1755.html 
20210420-175552.158 Extracting Status table in Bundesländer 
20210420-175552.215  Appending new data to COVID-19-CWM-BMSGPK-Dashboard.scraped.rda 
20210420-175823.410 Running caBmsgpkUpdateDashboard ... 
20210420-175823.410  Updating bmsgpk dashboard data 
20210420-175823.411 Running caBmsgpkScrapeDashBoard ... 
20210420-175823.411 Download Ampel data from "https://www.sozialministerium.at/Informationen-zum-Coronavirus/Neuartiges-Coronavirus-(2019-nCov).html" 
20210420-175823.412 Storing Ampel data to ./ampel/CoronaAmpel.20210420-1758.js 
20210420-175824.447 Scraping "https://www.sozialministerium.at/Informationen-zum-Coronavirus/Neuartiges-Coronavirus-(2019-nCov).html" 
20210420-175824.566 Dumping page to ./html/COVID-19-austria.bmsgpk.20210420-1758.html 
20210420-175825.590 Parsing dump in ./html/COVID-19-austria.bmsgpk.20210420-1758.html 
20210420-175826.783 Extracting Status table in Bundesländer 
20210420-175826.847  Appending new data to COVID-19-CWM-BMSGPK-Dashboard.scraped.rda 
20210420-175826.856  Curating data 
20210420-175827.365 Running caBmsgpkCurateDashboard ... 
20210420-175827.372  Reading raw timeline dashboard data from COVID-19-CWM-BMSGPK-Dashboard.scraped.rda 
20210420-180040.998 Running caBmsgpkUpdateDashboard ... 
20210420-180040.998  Updating bmsgpk dashboard data 
20210420-180041.128 Running caBmsgpkScrapeDashBoard ... 
20210420-180041.129 Download Ampel data from "https://www.sozialministerium.at/Informationen-zum-Coronavirus/Neuartiges-Coronavirus-(2019-nCov).html" 
20210420-180041.129 Storing Ampel data to ./ampel/CoronaAmpel.20210420-1800.js 
20210420-180042.245 Scraping "https://www.sozialministerium.at/Informationen-zum-Coronavirus/Neuartiges-Coronavirus-(2019-nCov).html" 
20210420-180042.429 Dumping page to ./html/COVID-19-austria.bmsgpk.20210420-1800.html 
20210420-180043.578 Parsing dump in ./html/COVID-19-austria.bmsgpk.20210420-1800.html 
20210420-180045.208 Extracting Status table in Bundesländer 
20210420-180045.282  Appending new data to COVID-19-CWM-BMSGPK-Dashboard.scraped.rda 
20210420-180045.288  Curating data 
20210420-180045.880 Running caBmsgpkCurateDashboard ... 
20210420-180045.889  Reading raw timeline dashboard data from COVID-19-CWM-BMSGPK-Dashboard.scraped.rda 
20210420-180046.500  Writing curated data to COVID-19-CWM-BMSGPK-Dashboard.curated.rda 
20210420-180723.104 Running caBmsgpkUpdateDashboard ... 
20210420-180723.104  Updating bmsgpk dashboard data 
20210420-180723.184 Running caBmsgpkScrapeDashBoard ... 
20210420-180723.185 Download Ampel data from "https://www.sozialministerium.at/Informationen-zum-Coronavirus/Neuartiges-Coronavirus-(2019-nCov).html" 
20210420-180723.185 Storing Ampel data to ./ampel/CoronaAmpel.20210420-1807.js 
20210420-180724.281 Scraping "https://www.sozialministerium.at/Informationen-zum-Coronavirus/Neuartiges-Coronavirus-(2019-nCov).html" 
20210420-180724.281 Dumping page to ./html/COVID-19-austria.bmsgpk.20210420-1807.html 
20210420-180725.876 Parsing dump in ./html/COVID-19-austria.bmsgpk.20210420-1807.html 
20210420-180726.756 Extracting Status table in Bundesländer 
20210420-180726.829  Appending new data to ./data/COVID-19-CWM-BMSGPK-Dashboard.scraped.rda 
20210420-180726.836  Curating data 
20210420-180727.351 Running caBmsgpkCurateDashboard ... 
20210420-180727.359  Reading raw timeline dashboard data from ./data/COVID-19-CWM-BMSGPK-Dashboard.scraped.rda 
20210420-180727.835  Writing curated data to ./data/COVID-19-CWM-BMSGPK-Dashboard.curated.rda 
20210420-182041.535 Running caBmsgpkUpdateDashboard ... 
20210420-182041.536  Updating bmsgpk dashboard data 
20210420-182041.636 Running caBmsgpkScrapeDashBoard ... 
20210420-182041.636 Download Ampel data from "https://www.sozialministerium.at/Informationen-zum-Coronavirus/Neuartiges-Coronavirus-(2019-nCov).html" 
20210420-182041.636 Storing Ampel data to ./ampel/CoronaAmpel.20210420-1820.js 
20210420-182042.701 Scraping "https://www.sozialministerium.at/Informationen-zum-Coronavirus/Neuartiges-Coronavirus-(2019-nCov).html" 
20210420-182042.701 Dumping page to ./html/COVID-19-austria.bmsgpk.20210420-1820.html 
20210420-182043.733 Parsing dump in ./html/COVID-19-austria.bmsgpk.20210420-1820.html 
20210420-182044.060 Extracting Status table for Bundesländer 
20210420-182044.130  Appending new data to ./data/COVID-19-CWM-BMSGPK-Dashboard.scraped.rda 
20210420-182044.136  Curating data 
20210420-182045.617 Running caBmsgpkCurateDashboard ... 
20210420-182045.625  Reading raw timeline dashboard data from ./data/COVID-19-CWM-BMSGPK-Dashboard.scraped.rda 
20210420-182310.598  Reading raw timeline dashboard data from ./data/COVID-19-CWM-BMSGPK-Dashboard.scraped.rda 
20210420-183300.845 Running caBmsgpkUpdateDashboard ... 
20210420-183300.846  Updating bmsgpk dashboard data 
20210420-183300.952 Running caBmsgpkScrapeDashBoard ... 
20210420-183300.952 Download Ampel data from "https://www.sozialministerium.at/Informationen-zum-Coronavirus/Neuartiges-Coronavirus-(2019-nCov).html" 
20210420-183300.952 Storing Ampel data to ./ampel/CoronaAmpel.20210420-1833.js 
20210420-183302.009 Scraping "https://www.sozialministerium.at/Informationen-zum-Coronavirus/Neuartiges-Coronavirus-(2019-nCov).html" 
20210420-183302.009 Dumping page to ./html/COVID-19-austria.bmsgpk.20210420-1833.html 
20210420-183303.077 Parsing dump in ./html/COVID-19-austria.bmsgpk.20210420-1833.html 
20210420-183303.487 Extracting Status table for Bundesländer 
20210420-183303.550  Appending new data to ./data/COVID-19-CWM-BMSGPK-Dashboard.scraped.rda 
20210420-183303.557  Curating data 
20210420-183305.159 Running caBmsgpkCurateDashboard ... 
20210420-183305.174  Reading raw timeline dashboard data from ./data/COVID-19-CWM-BMSGPK-Dashboard.scraped.rda 
20210420-183800.359 Running caBmsgpkUpdateDashboard ... 
20210420-183800.360  Updating bmsgpk dashboard data 
20210420-183800.549 Running caBmsgpkScrapeDashBoard ... 
20210420-183800.550 Download Ampel data from "https://www.sozialministerium.at/Informationen-zum-Coronavirus/Neuartiges-Coronavirus-(2019-nCov).html" 
20210420-183800.550 Storing Ampel data to ./ampel/CoronaAmpel.20210420-1838.js 
20210420-183809.008 Scraping "https://www.sozialministerium.at/Informationen-zum-Coronavirus/Neuartiges-Coronavirus-(2019-nCov).html" 
20210420-183809.148 Dumping page to ./html/COVID-19-austria.bmsgpk.20210420-1838.html 
20210420-183821.215 Parsing dump in ./html/COVID-19-austria.bmsgpk.20210420-1838.html 
20210420-183822.462 Extracting Status table for Bundesländer 
20210420-183822.666  Appending new data to ./data/COVID-19-CWM-BMSGPK-Dashboard.scraped.rda 
20210420-183822.676  Curating data 
20210420-183823.240 Running caBmsgpkCurateDashboard ... 
20210420-183823.249  Reading raw timeline dashboard data from ./data/COVID-19-CWM-BMSGPK-Dashboard.scraped.rda 
20210420-183823.804  Writing curated data to ./data/COVID-19-CWM-BMSGPK-Dashboard.curated.rda 
20210420-185434.583 Running caBmsgpkUpdateDashboard ... 
20210420-185434.584  Updating bmsgpk dashboard data 
20210420-185434.699 Running caBmsgpkScrapeDashBoard ... 
20210420-185434.699 Download Ampel data from "https://www.sozialministerium.at/Informationen-zum-Coronavirus/Neuartiges-Coronavirus-(2019-nCov).html" 
20210420-185434.700 Storing Ampel data to ./ampel/CoronaAmpel.20210420-1854.js 
20210420-185435.775 Scraping "https://www.sozialministerium.at/Informationen-zum-Coronavirus/Neuartiges-Coronavirus-(2019-nCov).html" 
20210420-185435.776 Dumping page to ./html/COVID-19-austria.bmsgpk.20210420-1854.html 
20210420-185436.817 Parsing dump in ./html/COVID-19-austria.bmsgpk.20210420-1854.html 
20210420-185438.157 Extracting Status table for Bundesländer 
20210420-185438.217  Appending new data to ./data/COVID-19-CWM-BMSGPK-Dashboard.scraped.rda 
20210420-185438.225  Curating data 
20210420-185438.897 Running caBmsgpkCurateDashboard ... 
20210420-185438.905  Reading raw timeline dashboard data from ./data/COVID-19-CWM-BMSGPK-Dashboard.scraped.rda 
20210420-185439.462  Writing curated data to ./data/COVID-19-CWM-BMSGPK-Dashboard.curated.rda 
