20210121-010158.314 _rscript_ cron: Start Running script cron.R in  /home/at062084/DataEngineering/COVID-19/COVID-19-WeatherMap/cwm-rshiny 
20210121-010224.746 _rscript_ Sourcing ages.R 
20210121-010228.735 _rscript_ DownLoading CovidFallzahlen data from AGES ... 
20210121-010233.516 _rscript_ Downloading CovidFaelle_Timeline data from AGES ... 
20210121-010236.687 _rscript_ Downloading CovidFaelle_Timeline_GKZ data from AGES ... 
20210121-010241.755 _rscript_ Start Joining CovidFaelle_Timeline with CovidFallzahlen and creating new features ... 
20210121-010352.511 _rscript_ Sourcing fun.R 
20210121-011007.664 _rscript_ Sourcing fun.R 
20210121-011009.137 _rscript_ Sourcing hlp.R 
20210121-011011.957 _rscript_ Loading data files 
20210121-011823.277 _rscript_ Sourcing ages.R 
20210121-224349.254 _rscript_ cron: Start Running script cron.R in  /home/at062084/DataEngineering/COVID-19/COVID-19-WeatherMap/cwm-rshiny 
20210121-224349.282 _rscript_ Sourcing fun.R 
20210123-003324.836 __cron__ cron: Start Running script cron.R in  /home/at062084/DataEngineering/COVID-19/COVID-19-WeatherMap/cwm-rshiny 
20210123-003326.126 __cron__ Sourcing fun.R 
20210123-003844.764 __cron__ cron: Start Running script cron.R in  /home/at062084/DataEngineering/COVID-19/COVID-19-WeatherMap/cwm-rshiny 
20210123-003846.266 __cron__ Sourcing fun.R 
20210124-153057.947 __cron__ cron: Start Running script cron.R in  /home/at062084/DataEngineering/COVID-19/COVID-19-WeatherMap/cwm-rshiny 
20210124-153057.969 __cron__ Sourcing fun.R 
20210124-182357.294 __cron__ cron: Start Running script cron.R in  /home/at062084/DataEngineering/COVID-19/COVID-19-WeatherMap/cwm-rshiny 
20210124-182357.308 __cron__ Sourcing fun.R 
20210125-005851.195 __cron__ cron: Start Running script cron.R in  /home/at062084/DataEngineering/COVID-19/COVID-19-WeatherMap/cwm-rshiny 
20210125-005851.217 __cron__ Sourcing fun.R 
20210127-003421.870 __cron__ cron: Start Running script cron.R in  /home/at062084/DataEngineering/COVID-19/COVID-19-WeatherMap/cwm-rshiny 
20210127-003421.905 __cron__ Sourcing fun.R 
20210127-004112.159 __cron__ cron: Start Running script cron.R in  /home/at062084/DataEngineering/COVID-19/COVID-19-WeatherMap/cwm-rshiny 
20210127-004112.168 __cron__ Sourcing fun.R 
20210127-004836.828 __cron__ cron: Start Running script cron.R in  /home/at062084/DataEngineering/COVID-19/COVID-19-WeatherMap/cwm-rshiny 
20210127-004836.855 __cron__ Sourcing fun.R 
20210127-005239.470 __cron__ cron: Start Running script cron.R in  /home/at062084/DataEngineering/COVID-19/COVID-19-WeatherMap/cwm-rshiny 
20210127-005239.488 __cron__ Sourcing fun.R 
20210127-005936.003 __cron__ cron: Start Running script cron.R in  /home/at062084/DataEngineering/COVID-19/COVID-19-WeatherMap/cwm-rshiny 
20210127-005936.014 __cron__ Sourcing fun.R 
20210127-010708.709 __cron__ cron: Start Running script cron.R in  /home/at062084/DataEngineering/COVID-19/COVID-19-WeatherMap/cwm-rshiny 
20210127-010708.720 __cron__ Sourcing fun.R 
20210127-011342.631 __cron__ cron: Start Running script cron.R in  /home/at062084/DataEngineering/COVID-19/COVID-19-WeatherMap/cwm-rshiny 
20210127-011342.645 __cron__ Sourcing fun.R 
20210127-153413.071 __cron__ cron: Start Running script cron.R in  /home/at062084/DataEngineering/COVID-19/COVID-19-WeatherMap/cwm-rshiny 
20210127-153413.093 __cron__ Sourcing fun.R 
20210127-153413.104 __cron__ Loading libraries 
20210127-153413.107 __cron__ Sourcing ages.R 
20210127-153413.123 __cron__ DownLoading CovidFallzahlen data from AGES ... 
20210127-153413.186 __cron__ Download AGES data from https://covid19-dashboard.ages.at/data/CovidFallzahlen.csv 
20210127-153413.187 __cron__ Storing AGES data to ./data/CovidFallzahlen.csv 
20210127-153414.395 __cron__ Writing ./data/CovidFallzahlen.rda 
20210127-153414.407 __cron__ Downloading CovidFaelle_Timeline data from AGES ... 
20210127-153414.438 __cron__ Download AGES data from https://covid19-dashboard.ages.at/data/CovidFaelle_Timeline.csv 
20210127-153414.439 __cron__ Storing AGES data to ./data/CovidFaelle_Timeline.csv 
20210127-153415.622 __cron__ Writing ./data/CovidFaelle_Timeline.rda 
20210127-153415.638 __cron__ Downloading CovidFaelle_Timeline_GKZ data from AGES ... 
20210127-153415.717 __cron__ Download AGES data from https://covid19-dashboard.ages.at/data/CovidFaelle_Timeline_GKZ.csv 
20210127-153415.717 __cron__ Storing AGES data to ./data/CovidFaelle_Timeline_GKZ.csv 
20210127-153419.618 __cron__ Writing ./data/CovidFaelle_Timeline_GKZ.rda 
20210127-153420.403 __cron__ Writing ./data/COVID-19-CWM-AGES-Counties-Curated.rda 
20210127-153420.543 __cron__ Start Joining CovidFaelle_Timeline with CovidFallzahlen and creating new features ... 
20210127-153445.246 __cron__ Writing ./data/COVID-19-CWM-AGES-States-Curated.rda 
20210127-153445.338 __cron__ Done Joining CovidFaelle_Timeline with CovidFallzahlen and creating new features 
20210127-153445.338 __cron__ cron: Done Running script cron.R in  /home/at062084/DataEngineering/COVID-19/COVID-19-WeatherMap/cwm-rshiny 
20210130-191434.389 __cron__ cron: Start Running script cron.R in  /home/at062084/DataEngineering/COVID-19/COVID-19-WeatherMap/cwm-rshiny 
20210130-191434.418 __cron__ Sourcing fun.R 
20210130-191434.427 __cron__ Sourcing ages.R 
20210130-191434.434 __cron__ DownLoading CovidFallzahlen data from AGES ... 
20210130-191434.505 __cron__ Download AGES data from https://covid19-dashboard.ages.at/data/CovidFallzahlen.csv 
20210130-191434.505 __cron__ Storing AGES data to ./data/CovidFallzahlen.csv 
20210130-191435.184 __cron__ Writing ./data/CovidFallzahlen.rda 
20210130-191435.197 __cron__ Downloading CovidFaelle_Timeline data from AGES ... 
20210130-191435.220 __cron__ Download AGES data from https://covid19-dashboard.ages.at/data/CovidFaelle_Timeline.csv 
20210130-191435.221 __cron__ Storing AGES data to ./data/CovidFaelle_Timeline.csv 
20210130-191435.725 __cron__ Writing ./data/CovidFaelle_Timeline.rda 
20210130-191435.740 __cron__ Downloading CovidFaelle_Timeline_GKZ data from AGES ... 
20210130-191435.822 __cron__ Download AGES data from https://covid19-dashboard.ages.at/data/CovidFaelle_Timeline_GKZ.csv 
20210130-191435.823 __cron__ Storing AGES data to ./data/CovidFaelle_Timeline_GKZ.csv 
20210130-191438.810 __cron__ Writing ./data/CovidFaelle_Timeline_GKZ.rda 
20210130-191439.172 __cron__ Writing ./data/COVID-19-CWM-AGES-Counties-Curated.rda 
20210130-191439.300 __cron__ Start Joining CovidFaelle_Timeline with CovidFallzahlen and creating new features ... 
20210130-191457.633 __cron__ Writing ./data/COVID-19-CWM-AGES-States-Curated.rda 
20210130-191457.696 __cron__ Done Joining CovidFaelle_Timeline with CovidFallzahlen and creating new features 
20210130-191457.997 __cron__ cron: Done Running script cron.R in  /home/at062084/DataEngineering/COVID-19/COVID-19-WeatherMap/cwm-rshiny 
20210201-005359.880 __cron__ Download AGES data from https://covid19-dashboard.ages.at/data/CovidFaelle_Timeline_GKZ.csv 
20210201-005359.880 __cron__ Storing AGES data to ./data/CovidFaelle_Timeline_GKZ.csv 
20210201-005402.547 __cron__ Writing ./data/CovidFaelle_Timeline_GKZ.rda 
20210201-005403.048 __cron__ Writing ./data/COVID-19-CWM-AGES-Counties-Curated.rda 
20210202-211700.066 __cron__ cron: Start Running script cron.R in  /home/at062084/DataEngineering/COVID-19/COVID-19-WeatherMap/cwm-rshiny 
20210202-211700.094 __cron__ Sourcing fun.R 
20210202-211701.041 __cron__ Sourcing ages.R 
20210202-211701.187 __cron__ DownLoading CovidFallzahlen data from AGES ... 
20210202-211701.269 __cron__ Download AGES data from https://covid19-dashboard.ages.at/data/CovidFallzahlen.csv 
20210202-211701.270 __cron__ Storing AGES data to ./data/CovidFallzahlen.csv 
20210202-211701.744 __cron__ Writing ./data/CovidFallzahlen.rda 
20210202-211701.757 __cron__ Downloading CovidFaelle_Timeline data from AGES ... 
20210202-211701.787 __cron__ Download AGES data from https://covid19-dashboard.ages.at/data/CovidFaelle_Timeline.csv 
20210202-211701.787 __cron__ Storing AGES data to ./data/CovidFaelle_Timeline.csv 
20210202-211702.265 __cron__ Writing ./data/CovidFaelle_Timeline.rda 
20210202-211702.286 __cron__ Downloading CovidFaelle_Timeline_GKZ data from AGES ... 
20210202-211702.380 __cron__ Download AGES data from https://covid19-dashboard.ages.at/data/CovidFaelle_Timeline_GKZ.csv 
20210202-211702.381 __cron__ Storing AGES data to ./data/CovidFaelle_Timeline_GKZ.csv 
20210202-211704.626 __cron__ Writing ./data/CovidFaelle_Timeline_GKZ.rda 
20210202-211705.082 __cron__ Writing ./data/COVID-19-CWM-AGES-Counties-Curated.rda 
20210202-211705.219 __cron__ Start Joining CovidFaelle_Timeline with CovidFallzahlen and creating new features ... 
20210202-211724.302 __cron__ Writing ./data/COVID-19-CWM-AGES-States-Curated.rda 
20210202-211724.377 __cron__ Done Joining CovidFaelle_Timeline with CovidFallzahlen and creating new features 
20210202-211724.776 __cron__ cron: Done Running script cron.R in  /home/at062084/DataEngineering/COVID-19/COVID-19-WeatherMap/cwm-rshiny 
20210203-012304.973 __cron__ cron: Start Running script cron.R in  /home/at062084/DataEngineering/COVID-19/COVID-19-WeatherMap/cwm-rshiny 
20210203-012304.980 __cron__ Sourcing fun.R 
20210203-012304.985 __cron__ Sourcing ages.R 
20210203-012304.989 __cron__ DownLoading CovidFallzahlen data from AGES ... 
20210203-012305.014 __cron__ Download AGES data from https://covid19-dashboard.ages.at/data/CovidFallzahlen.csv 
20210203-012305.014 __cron__ Storing AGES data to ./data/CovidFallzahlen.csv 
20210203-012305.515 __cron__ Writing ./data/CovidFallzahlen.rda 
20210203-012305.528 __cron__ Downloading CovidFaelle_Timeline data from AGES ... 
20210203-012305.575 __cron__ Download AGES data from https://covid19-dashboard.ages.at/data/CovidFaelle_Timeline.csv 
20210203-012305.575 __cron__ Storing AGES data to ./data/CovidFaelle_Timeline.csv 
20210203-012306.052 __cron__ Writing ./data/CovidFaelle_Timeline.rda 
20210203-012306.068 __cron__ Downloading CovidFaelle_Timeline_GKZ data from AGES ... 
20210203-012306.098 __cron__ Download AGES data from https://covid19-dashboard.ages.at/data/CovidFaelle_Timeline_GKZ.csv 
20210203-012306.099 __cron__ Storing AGES data to ./data/CovidFaelle_Timeline_GKZ.csv 
20210203-012308.406 __cron__ Writing ./data/CovidFaelle_Timeline_GKZ.rda 
20210203-012308.773 __cron__ Writing ./data/COVID-19-CWM-AGES-Counties-Curated.rda 
20210203-012308.944 __cron__ Start Joining CovidFaelle_Timeline with CovidFallzahlen and creating new features ... 
20210203-012327.739 __cron__ Writing ./data/COVID-19-CWM-AGES-States-Curated.rda 
20210203-012327.810 __cron__ Done Joining CovidFaelle_Timeline with CovidFallzahlen and creating new features 
20210203-012328.145 __cron__ cron: Done Running script cron.R in  /home/at062084/DataEngineering/COVID-19/COVID-19-WeatherMap/cwm-rshiny 
20210203-114027.115 __cron__ cron: Start Running script cron.R in  /home/at062084/DataEngineering/COVID-19/COVID-19-WeatherMap/cwm-rshiny 
20210203-114027.130 __cron__ Sourcing fun.R 
20210203-114027.136 __cron__ Sourcing ages.R 
20210203-114027.141 __cron__ DownLoading CovidFallzahlen data from AGES ... 
20210203-114027.177 __cron__ Download AGES data from https://covid19-dashboard.ages.at/data/CovidFallzahlen.csv 
20210203-114027.177 __cron__ Storing AGES data to ./data/CovidFallzahlen.csv 
20210203-114030.133 __cron__ Writing ./data/CovidFallzahlen.rda 
20210203-114030.145 __cron__ Downloading CovidFaelle_Timeline data from AGES ... 
20210203-114030.172 __cron__ Download AGES data from https://covid19-dashboard.ages.at/data/CovidFaelle_Timeline.csv 
20210203-114030.172 __cron__ Storing AGES data to ./data/CovidFaelle_Timeline.csv 
20210203-114031.135 __cron__ Writing ./data/CovidFaelle_Timeline.rda 
20210203-114031.149 __cron__ Downloading CovidFaelle_Timeline_GKZ data from AGES ... 
20210203-114031.178 __cron__ Download AGES data from https://covid19-dashboard.ages.at/data/CovidFaelle_Timeline_GKZ.csv 
20210203-114031.179 __cron__ Storing AGES data to ./data/CovidFaelle_Timeline_GKZ.csv 
20210203-114033.859 __cron__ Writing ./data/CovidFaelle_Timeline_GKZ.rda 
20210203-114034.224 __cron__ Writing ./data/COVID-19-CWM-AGES-Counties-Curated.rda 
20210203-114034.385 __cron__ Start Joining CovidFaelle_Timeline with CovidFallzahlen and creating new features ... 
20210203-114053.992 __cron__ Writing ./data/COVID-19-CWM-AGES-States-Curated.rda 
20210203-114054.067 __cron__ Done Joining CovidFaelle_Timeline with CovidFallzahlen and creating new features 
20210203-114054.776 __cron__ cron: Done Running script cron.R in  /home/at062084/DataEngineering/COVID-19/COVID-19-WeatherMap/cwm-rshiny 
20210203-164144.204 __cron__ cron: Start Running script cron.R in  /home/at062084/DataEngineering/COVID-19/COVID-19-WeatherMap/cwm-rshiny 
20210203-164144.217 __cron__ Sourcing fun.R 
20210203-164144.224 __cron__ Sourcing ages.R 
20210203-164144.230 __cron__ DownLoading CovidFallzahlen data from AGES ... 
20210203-164144.265 __cron__ Download AGES data from https://covid19-dashboard.ages.at/data/CovidFallzahlen.csv 
20210203-164144.266 __cron__ Storing AGES data to ./data/CovidFallzahlen.csv 
20210203-164147.650 __cron__ Writing ./data/CovidFallzahlen.rda 
20210203-164147.664 __cron__ Downloading CovidFaelle_Timeline data from AGES ... 
20210203-164147.725 __cron__ Download AGES data from https://covid19-dashboard.ages.at/data/CovidFaelle_Timeline.csv 
20210203-164147.725 __cron__ Storing AGES data to ./data/CovidFaelle_Timeline.csv 
20210203-164149.542 __cron__ Writing ./data/CovidFaelle_Timeline.rda 
20210203-164149.556 __cron__ Downloading CovidFaelle_Timeline_GKZ data from AGES ... 
20210203-164149.594 __cron__ Download AGES data from https://covid19-dashboard.ages.at/data/CovidFaelle_Timeline_GKZ.csv 
20210203-164149.594 __cron__ Storing AGES data to ./data/CovidFaelle_Timeline_GKZ.csv 
20210203-164154.471 __cron__ Writing ./data/CovidFaelle_Timeline_GKZ.rda 
20210203-164154.864 __cron__ Writing ./data/COVID-19-CWM-AGES-Counties-Curated.rda 
20210203-164154.990 __cron__ Start Joining CovidFaelle_Timeline with CovidFallzahlen and creating new features ... 
20210203-164214.169 __cron__ Writing ./data/COVID-19-CWM-AGES-States-Curated.rda 
20210203-164214.268 __cron__ Done Joining CovidFaelle_Timeline with CovidFallzahlen and creating new features 
20210203-164215.112 __cron__ cron: Done Running script cron.R in  /home/at062084/DataEngineering/COVID-19/COVID-19-WeatherMap/cwm-rshiny 
20210203-164259.992 __cron__ Download AGES data from https://covid19-dashboard.ages.at/data/CovidFaelle_Timeline_GKZ.csv 
20210203-164259.992 __cron__ Storing AGES data to ./data/CovidFaelle_Timeline_GKZ.csv 
20210203-164302.764 __cron__ Writing ./data/CovidFaelle_Timeline_GKZ.rda 
20210203-164303.144 __cron__ Writing ./data/COVID-19-CWM-AGES-Counties-Curated.rda 
20210203-164356.690 __cron__ Download AGES data from https://covid19-dashboard.ages.at/data/CovidFaelle_Timeline_GKZ.csv 
20210203-164356.690 __cron__ Storing AGES data to ./data/CovidFaelle_Timeline_GKZ.csv 
20210203-164359.847 __cron__ Writing ./data/CovidFaelle_Timeline_GKZ.rda 
20210203-164400.203 __cron__ Writing ./data/COVID-19-CWM-AGES-Counties-Curated.rda 
